<?xml version="1.0" encoding="UTF-8"?>
<testng-results skipped="0" failed="0" ignored="0" total="1" passed="1">
  <reporter-output>
  </reporter-output>
  <suite name="Default suite" duration-ms="10970" started-at="2020-01-09T18:40:25Z" finished-at="2020-01-09T18:40:36Z">
    <groups>
    </groups>
    <test name="Default test" duration-ms="10970" started-at="2020-01-09T18:40:25Z" finished-at="2020-01-09T18:40:36Z">
      <class name="selenium.grid.GridDemoTest">
        <test-method status="PASS" signature="beforeMethod()[pri:0, instance:selenium.grid.GridDemoTest@7cd62f43]" name="beforeMethod" is-config="true" duration-ms="9449" started-at="2020-01-10T00:10:25Z" finished-at="2020-01-10T00:10:34Z">
          <reporter-output>
          </reporter-output>
        </test-method> <!-- beforeMethod -->
        <test-method status="PASS" signature="test1()[pri:0, instance:selenium.grid.GridDemoTest@7cd62f43]" name="test1" duration-ms="15" started-at="2020-01-10T00:10:34Z" finished-at="2020-01-10T00:10:34Z">
          <reporter-output>
          </reporter-output>
        </test-method> <!-- test1 -->
        <test-method status="PASS" signature="afterMethod()[pri:0, instance:selenium.grid.GridDemoTest@7cd62f43]" name="afterMethod" is-config="true" duration-ms="1481" started-at="2020-01-10T00:10:34Z" finished-at="2020-01-10T00:10:36Z">
          <reporter-output>
          </reporter-output>
        </test-method> <!-- afterMethod -->
      </class> <!-- selenium.grid.GridDemoTest -->
    </test> <!-- Default test -->
  </suite> <!-- Default suite -->
</testng-results>
