<?xml version="1.0" encoding="UTF-8"?>
<testng-results skipped="0" failed="0" ignored="0" total="1" passed="1">
  <reporter-output>
  </reporter-output>
  <suite name="Default suite" duration-ms="6625" started-at="2020-01-09T18:14:41Z" finished-at="2020-01-09T18:14:47Z">
    <groups>
    </groups>
    <test name="Default test" duration-ms="6625" started-at="2020-01-09T18:14:41Z" finished-at="2020-01-09T18:14:47Z">
      <class name="selenium.grid.GridDemoTest">
        <test-method status="PASS" signature="beforeMethod()[pri:0, instance:selenium.grid.GridDemoTest@7cd62f43]" name="beforeMethod" is-config="true" duration-ms="6586" started-at="2020-01-09T23:44:41Z" finished-at="2020-01-09T23:44:47Z">
          <reporter-output>
          </reporter-output>
        </test-method> <!-- beforeMethod -->
        <test-method status="PASS" signature="test1()[pri:0, instance:selenium.grid.GridDemoTest@7cd62f43]" name="test1" duration-ms="9" started-at="2020-01-09T23:44:47Z" finished-at="2020-01-09T23:44:47Z">
          <reporter-output>
          </reporter-output>
        </test-method> <!-- test1 -->
        <test-method status="PASS" signature="afterMethod()[pri:0, instance:selenium.grid.GridDemoTest@7cd62f43]" name="afterMethod" is-config="true" duration-ms="2" started-at="2020-01-09T23:44:47Z" finished-at="2020-01-09T23:44:47Z">
          <reporter-output>
          </reporter-output>
        </test-method> <!-- afterMethod -->
      </class> <!-- selenium.grid.GridDemoTest -->
    </test> <!-- Default test -->
  </suite> <!-- Default suite -->
</testng-results>
